<?xml version="1.0" encoding="UTF-8"?>
<!-- Generated by org.testng.reporters.JUnitReportReporter -->
<testsuite skipped="0" hostname="LAPTOP-NLI9HBBA" name="com.inetBanking.testCases.TC_loginTest_001" tests="1" failures="0" timestamp="2022-02-06T02:49:05 EST" time="0.728" errors="0">
  <testcase name="loginTest" time="0.728" classname="com.inetBanking.testCases.TC_loginTest_001"/>
  <system-out/>
</testsuite> <!-- com.inetBanking.testCases.TC_loginTest_001 -->
